123
+
x
""
"abcdef12041935sdkghnjo4jut90zj4tgze4tzg"
"\n\t\'\"\\\?"
"\\"
"&!88"
"use \n to denote a newline character"
"include a quote like this \" and a backslash like this \\"
bool
int
void
true
false
struct
cin
cout
if
else
while
return
0
0
10000
{
}
(
)
;
,
.
<<
>>
++
--
+
-
*
/
!
&&
||
==
!=
<
>
<=
>=
=
im_a_token
_and_these_are_too
_
_1
_abc_
______
______________________________________________________________im_really_long_______________________________________________________________________________________________________________________________________________________________________________________________________________________________________________________________________still_going_____________________________________________________________________________________________________________________________________________________________________________________________________________________________________________________________________________thats_enough
